C 613253.198013 7804861.075791 10
RUA ALVINO FERREIRA FELIPE, 190, Novo Aarão Reis, NORTE, 31845142 (1612.101)
RUA GLAUCE ROCHA, 140, Lajedo, NORTE, 31844400 (1654.884)
RUA ESCRITOR HUMBERTO CAMPOS, 1236, Tupi B, NORTE, 31844480 (1922.571)
RUA PROGRESSO, 8, Granja Werneck, NORTE, 31846500 (1964.490)
AVE CRISTIANO MACHADO, 9908, Floramar, NORTE, 31840292 (1978.504)
RUA JORGE FRANCISCO DOS SANTOS, 129, Vila Primeiro de Maio, NORTE, 31810230 (2024.819)
AVE JOSE LOPES MURADAS, 235, Floramar, NORTE, 31742084 (2262.741)
AVE JOSE LOPES MURADAS, 173, Floramar, NORTE, 31742084 (2274.925)
AVE CRISTIANO MACHADO, 5173, Maria Virgínia, NORDESTE, 31155555 (2482.859)
RUA FRANCISCO SPINO, 560, São Bernardo, NORTE, 31741320 (2524.387)
D 01668501159A
Ponto de recarga 01668501159A desativado.
C 612244.212043 7807198.318325 10
AVE JOSE LOPES MURADAS, 235, Floramar, NORTE, 31742084 (1081.470)
AVE JOSE LOPES MURADAS, 173, Floramar, NORTE, 31742084 (1109.942)
RUA ESCRITOR HUMBERTO CAMPOS, 1236, Tupi B, NORTE, 31844480 (1368.988)
RUA GLAUCE ROCHA, 140, Lajedo, NORTE, 31844400 (1603.996)
AVE CRISTIANO MACHADO, 9908, Floramar, NORTE, 31840292 (1619.637)
RUA PROGRESSO, 8, Granja Werneck, NORTE, 31846500 (2063.137)
RUA ALVINO FERREIRA FELIPE, 190, Novo Aarão Reis, NORTE, 31845142 (2492.464)
RUA FRANCISCO SPINO, 560, São Bernardo, NORTE, 31741320 (2702.074)
RUA JOSE EVANGELICO, 108, Jaqueline, NORTE, 31748254 (3127.134)
RUA JORGE FRANCISCO DOS SANTOS, 129, Vila Primeiro de Maio, NORTE, 31810230 (3756.418)
D 30281100190
Ponto de recarga 30281100190 desativado.
C 609511.403441 7797384.138804 7
RUA DOIS MIL SEISCENTOS E TRINTA E DOIS, 105, Carlos Prates, NOROESTE, 30000000 (954.987)
RUA TOMAZ GONZAGA, 388, Lourdes, CENTRO-SUL, 30180140 (2068.283)
RUA CRISANDALIA, 150, Caiçara-Adelaide, NOROESTE, 30770400 (2361.783)
RUA AGOSTINHO BRETAS, 18, Caiçaras, NOROESTE, 30775520 (2412.707)
RUA GUAICUI, 510, Luxemburgo, CENTRO-SUL, 30380342 (3329.050)
RUA ORENOCO, 58, Carmo, CENTRO-SUL, 30310060 (3607.969)
RUA SANTOS, 494, Jardim América, OESTE, 30421386 (3627.395)
D 01865205173
Ponto de recarga 01865205173 desativado.
A 03587300106A
Ponto de recarga 03587300106A já estava ativo.
D 01865205173
Ponto de recarga 01865205173 já estava desativado.
C 607727.389475 7801726.578425 10
RUA AGOSTINHO BRETAS, 18, Caiçaras, NOROESTE, 30775520 (2449.742)
RUA IZABEL BUENO, 935, Indaiá, PAMPULHA, 31270065 (2781.731)
RUA CRISANDALIA, 150, Caiçara-Adelaide, NOROESTE, 30770400 (3030.552)
RUA LEONIL PRATA, 819, Alípio de Melo, PAMPULHA, 30840780 (3572.975)
RUA JULITA NOGUEIRA SOARES, 400, Santa Terezinha, PAMPULHA, 31365250 (4048.572)
RUA FRANCISCO SPINO, 560, São Bernardo, NORTE, 31741320 (4412.977)
RUA JORGE FRANCISCO DOS SANTOS, 129, Vila Primeiro de Maio, NORTE, 31810230 (4413.181)
RUA ALBERTO CINTRA, 139, União, NORDESTE, 31160370 (4507.416)
RUA JUSTINO CARNEIRO, 116, Inconfidência, NOROESTE, 30820240 (4510.408)
RUA DOIS MIL SEISCENTOS E TRINTA E DOIS, 105, Carlos Prates, NOROESTE, 30000000 (4893.797)
A 30028300275
Ponto de recarga 30028300275 já estava ativo.
D 08612000108
Ponto de recarga 08612000108 desativado.
A 30601900008
Ponto de recarga 30601900008 já estava ativo.
A 01668501159A
Ponto de recarga 01668501159A ativado.
C 609602.870838 7796576.568843 16
RUA DOIS MIL SEISCENTOS E TRINTA E DOIS, 105, Carlos Prates, NOROESTE, 30000000 (1352.147)
RUA TOMAZ GONZAGA, 388, Lourdes, CENTRO-SUL, 30180140 (1395.315)
RUA GUAICUI, 510, Luxemburgo, CENTRO-SUL, 30380342 (2524.645)
RUA CRISANDALIA, 150, Caiçara-Adelaide, NOROESTE, 30770400 (2953.706)
RUA ORENOCO, 58, Carmo, CENTRO-SUL, 30310060 (2997.634)
RUA SANTOS, 494, Jardim América, OESTE, 30421386 (3134.025)
RUA AGOSTINHO BRETAS, 18, Caiçaras, NOROESTE, 30775520 (3136.910)
RUA SAO DOMINGOS, 75, Jardim América, OESTE, 30421498 (3673.745)
RUA DO OURO, 1669, Serra, CENTRO-SUL, 30210590 (4236.662)
AVE TRINTA E UM DE MARCO, 309, Dom Cabral, NOROESTE, 30535000 (4532.775)
AVE TERESA CRISTINA, 6455, Cinqüentenário, OESTE, 30550390 (4597.860)
RUA JUSTINO CARNEIRO, 116, Inconfidência, NOROESTE, 30820240 (4735.311)
RUA DOUTOR JULIO OTAVIANO FERREIRA, 512, Cidade Nova, NORDESTE, 31170200 (4937.645)
RUA LEVI FREIRE, 250, Fazendinha, CENTRO-SUL, 30260490 (5038.369)
AVE DOM JOAO VI, 211, Cinqüentenário, OESTE, 30570063 (5043.346)
TRV DAS MADEIRAS, 191, Nossa Senhora de Fátima, CENTRO-SUL, 30250450 (5254.438)
C 610564.813463 7799979.598072 45
RUA DOUTOR JULIO OTAVIANO FERREIRA, 512, Cidade Nova, NORDESTE, 31170200 (2046.978)
RUA ALBERTO CINTRA, 139, União, NORDESTE, 31160370 (2142.037)
RUA DOIS MIL SEISCENTOS E TRINTA E DOIS, 105, Carlos Prates, NOROESTE, 30000000 (2337.014)
RUA AGOSTINHO BRETAS, 18, Caiçaras, NOROESTE, 30775520 (2614.519)
RUA CRISANDALIA, 150, Caiçara-Adelaide, NOROESTE, 30770400 (3273.816)
RUA IZABEL BUENO, 935, Indaiá, PAMPULHA, 31270065 (3554.990)
RUA JORGE FRANCISCO DOS SANTOS, 129, Vila Primeiro de Maio, NORTE, 31810230 (3696.834)
RUA TOMAZ GONZAGA, 388, Lourdes, CENTRO-SUL, 30180140 (4318.859)
RUA POTUMAIO, 90, São Geraldo, LESTE, 31050270 (4596.538)
RUA FRANCISCO SPINO, 560, São Bernardo, NORTE, 31741320 (4983.043)
RUA DEOLINDA CANDIDA, 122, Boa Vista, LESTE, 31070440 (5240.453)
RUA ORENOCO, 58, Carmo, CENTRO-SUL, 30310060 (5410.434)
RUA FERNAO DIAS, 418, Mariano de Abreu, LESTE, 31050364 (5532.304)
RUA LEVI FREIRE, 250, Fazendinha, CENTRO-SUL, 30260490 (5664.390)
RUA CANARIO, 584, Goiânia, NORDESTE, 31950390 (5732.221)
RUA JUSTINO CARNEIRO, 116, Inconfidência, NOROESTE, 30820240 (5788.548)
RUA DESEMBARGADOR SARAIVA, 927, Alto Vera Cruz, LESTE, 30285150 (5824.122)
AVE CRISTIANO MACHADO, 9908, Floramar, NORTE, 31840292 (5857.992)
RUA ANTONIO RODRIGUES DA COSTA, 842, Casa Branca, LESTE, 31050010 (5875.316)
RUA LEONIL PRATA, 819, Alípio de Melo, PAMPULHA, 30840780 (5969.126)
RUA GUAICUI, 510, Luxemburgo, CENTRO-SUL, 30380342 (6024.244)
TRV DAS MADEIRAS, 191, Nossa Senhora de Fátima, CENTRO-SUL, 30250450 (6182.311)
AVE TRINTA E UM DE MARCO, 309, Dom Cabral, NOROESTE, 30535000 (6204.757)
RUA DO OURO, 1669, Serra, CENTRO-SUL, 30210590 (6331.801)
RUA SANTOS, 494, Jardim América, OESTE, 30421386 (6343.813)
AVE JOSE LOPES MURADAS, 173, Floramar, NORTE, 31742084 (6440.993)
AVE JOSE LOPES MURADAS, 235, Floramar, NORTE, 31742084 (6458.778)
RUA SAO DOMINGOS, 75, Jardim América, OESTE, 30421498 (7113.073)
RUA DEUSDEDITH DE ASSIS, 66, Dom Bosco, NOROESTE, 30850450 (7167.396)
RUA GLAUCE ROCHA, 140, Lajedo, NORTE, 31844400 (7188.218)
RUA DOZE, 275, Vista do Sol, NORDESTE, 31990510 (7249.391)
RUA JULITA NOGUEIRA SOARES, 400, Santa Terezinha, PAMPULHA, 31365250 (7253.438)
RUA ESCRITOR HUMBERTO CAMPOS, 1236, Tupi B, NORTE, 31844480 (7406.849)
RUA PROGRESSO, 8, Granja Werneck, NORTE, 31846500 (7537.276)
AVE TERESA CRISTINA, 6455, Cinqüentenário, OESTE, 30550390 (7852.667)
RUA PASSARELA DA VILA, 35, Vila Nossa Senhora Aparecida, VENDA NOVA, 31515375 (7881.764)
RUA ITAPOA, 106, Pindorama, NOROESTE, 30865090 (8060.697)
RUA ADAO RIBEIRO, 28, Jardim Vitória, NORDESTE, 31970500 (8107.334)
RUA PINTO MARTINS, 379, Oeste, OESTE, 30532140 (8251.079)
AVE DOM JOAO VI, 211, Cinqüentenário, OESTE, 30570063 (8343.398)
RUA GERALDO MAGALHAES MASCARENHAS, 55, Belvedere, CENTRO-SUL, 30320340 (8508.029)
RUA PEDRO TIMOTHEO, 57, Vila Vista Alegre, OESTE, 30514320 (8561.951)
RUA CONDE DE PALMA, 1159, Cabana do Pai Tomás, OESTE, 30512710 (8578.377)
RUA MUSAS, 280, Santa Lúcia, CENTRO-SUL, 30360660 (8650.038)
AVE PROFESSOR MARIO WERNECK, 2238, Buritis, OESTE, 30575180 (9410.802)
D 30311800022
Ponto de recarga 30311800022 desativado.
A 11654600250
Ponto de recarga 11654600250 já estava ativo.
A 05492000090
Ponto de recarga 05492000090 já estava ativo.
D 02229400211
Ponto de recarga 02229400211 desativado.
A 03587300106A
Ponto de recarga 03587300106A já estava ativo.
A 09706400140D
Ponto de recarga 09706400140D já estava ativo.
